Model  mod5  exists.
method = sample (Default)
  sample
    num_samples = 250
    num_warmup = 500
    save_warmup = 0 (Default)
    thin = 1 (Default)
    adapt
      engaged = 1 (Default)
      gamma = 0.05 (Default)
      delta = 0.9
      kappa = 0.75 (Default)
      t0 = 10 (Default)
      init_buffer = 75 (Default)
      term_buffer = 50 (Default)
      window = 25 (Default)
      save_metric = 0 (Default)
    algorithm = hmc (Default)
      hmc
        engine = nuts (Default)
          nuts
            max_depth = 10 (Default)
        metric = diag_e (Default)
        metric_file =  (Default)
        stepsize = 0.01
        stepsize_jitter = 0 (Default)
    num_chains = 1 (Default)
id = 1 (Default)
data
  file = /users/project1/pt01268/izocv/standata.json
init = /users/project1/pt01268/izocv/init-5.json
random
  seed = 143162020 (Default)
output
  file = /users/project1/pt01268/izocv/mod5-5.csv
  diagnostic_file =  (Default)
  refresh = 100 (Default)
  sig_figs = -1 (Default)
  profile_file = profile.csv (Default)
  save_cmdstan_config = 0 (Default)
num_threads = 1 (Default)
mpi_enabled = 1

method = sample (Default)
  sample
    num_samples = 250
    num_warmup = 500
    save_warmup = 0 (Default)
    thin = 1 (Default)
    adapt
      engaged = 1 (Default)
      gamma = 0.05 (Default)
      delta = 0.9
      kappa = 0.75 (Default)
      t0 = 10 (Default)
      init_buffer = 75 (Default)
      term_buffer = 50 (Default)
      window = 25 (Default)
      save_metric = 0 (Default)
    algorithm = hmc (Default)
      hmc
        engine = nuts (Default)
          nuts
            max_depth = 10 (Default)
        metric = diag_e (Default)
        metric_file =  (Default)
        stepsize = 0.01
        stepsize_jitter = 0 (Default)
    num_chains = 1 (Default)
id = 1 (Default)
data
  file = /users/project1/pt01268/izocv/standata.json
init = /users/project1/pt01268/izocv/init-4.json
random
  seed = 143162050 (Default)
output
  file = /users/project1/pt01268/izocv/mod5-4.csv
  diagnostic_file =  (Default)
  refresh = 100 (Default)
  sig_figs = -1 (Default)
  profile_file = profile.csv (Default)
  save_cmdstan_config = 0 (Default)
num_threads = 1 (Default)
mpi_enabled = 1

method = sample (Default)
  sample
    num_samples = 250
    num_warmup = 500
    save_warmup = 0 (Default)
    thin = 1 (Default)
    adapt
      engaged = 1 (Default)
      gamma = 0.05 (Default)
      delta = 0.9
      kappa = 0.75 (Default)
      t0 = 10 (Default)
      init_buffer = 75 (Default)
      term_buffer = 50 (Default)
      window = 25 (Default)
      save_metric = 0 (Default)
    algorithm = hmc (Default)
      hmc
        engine = nuts (Default)
          nuts
            max_depth = 10 (Default)
        metric = diag_e (Default)
        metric_file =  (Default)
        stepsize = 0.01
        stepsize_jitter = 0 (Default)
    num_chains = 1 (Default)
id = 1 (Default)
data
  file = /users/project1/pt01268/izocv/standata.json
init = /users/project1/pt01268/izocv/init-7.json
random
  seed = 143162070 (Default)
output
  file = /users/project1/pt01268/izocv/mod5-7.csv
  diagnostic_file =  (Default)
  refresh = 100 (Default)
  sig_figs = -1 (Default)
  profile_file = profile.csv (Default)
  save_cmdstan_config = 0 (Default)
num_threads = 1 (Default)
mpi_enabled = 1

method = sample (Default)
  sample
    num_samples = 250
    num_warmup = 500
    save_warmup = 0 (Default)
    thin = 1 (Default)
    adapt
      engaged = 1 (Default)
      gamma = 0.05 (Default)
      delta = 0.9
      kappa = 0.75 (Default)
      t0 = 10 (Default)
      init_buffer = 75 (Default)
      term_buffer = 50 (Default)
      window = 25 (Default)
      save_metric = 0 (Default)
    algorithm = hmc (Default)
      hmc
        engine = nuts (Default)
          nuts
            max_depth = 10 (Default)
        metric = diag_e (Default)
        metric_file =  (Default)
        stepsize = 0.01
        stepsize_jitter = 0 (Default)
    num_chains = 1 (Default)
id = 1 (Default)
data
  file = /users/project1/pt01268/izocv/standata.json
init = /users/project1/pt01268/izocv/init-3.json
random
  seed = 143162081 (Default)
output
  file = /users/project1/pt01268/izocv/mod5-3.csv
  diagnostic_file =  (Default)
  refresh = 100 (Default)
  sig_figs = -1 (Default)
  profile_file = profile.csv (Default)
  save_cmdstan_config = 0 (Default)
num_threads = 1 (Default)
mpi_enabled = 1

method = sample (Default)
  sample
    num_samples = 250
    num_warmup = 500
    save_warmup = 0 (Default)
    thin = 1 (Default)
    adapt
      engaged = 1 (Default)
      gamma = 0.05 (Default)
      delta = 0.9
      kappa = 0.75 (Default)
      t0 = 10 (Default)
      init_buffer = 75 (Default)
      term_buffer = 50 (Default)
      window = 25 (Default)
      save_metric = 0 (Default)
    algorithm = hmc (Default)
      hmc
        engine = nuts (Default)
          nuts
            max_depth = 10 (Default)
        metric = diag_e (Default)
        metric_file =  (Default)
        stepsize = 0.01
        stepsize_jitter = 0 (Default)
    num_chains = 1 (Default)
id = 1 (Default)
data
  file = /users/project1/pt01268/izocv/standata.json
init = /users/project1/pt01268/izocv/init-6.json
random
  seed = 143162088 (Default)
output
  file = /users/project1/pt01268/izocv/mod5-6.csv
  diagnostic_file =  (Default)
  refresh = 100 (Default)
  sig_figs = -1 (Default)
  profile_file = profile.csv (Default)
  save_cmdstan_config = 0 (Default)
num_threads = 1 (Default)
mpi_enabled = 1

method = sample (Default)
  sample
    num_samples = 250
    num_warmup = 500
    save_warmup = 0 (Default)
    thin = 1 (Default)
    adapt
      engaged = 1 (Default)
      gamma = 0.05 (Default)
      delta = 0.9
      kappa = 0.75 (Default)
      t0 = 10 (Default)
      init_buffer = 75 (Default)
      term_buffer = 50 (Default)
      window = 25 (Default)
      save_metric = 0 (Default)
    algorithm = hmc (Default)
      hmc
        engine = nuts (Default)
          nuts
            max_depth = 10 (Default)
        metric = diag_e (Default)
        metric_file =  (Default)
        stepsize = 0.01
        stepsize_jitter = 0 (Default)
    num_chains = 1 (Default)
id = 1 (Default)
data
  file = /users/project1/pt01268/izocv/standata.json
init = /users/project1/pt01268/izocv/init-2.json
random
  seed = 143162095 (Default)
output
  file = /users/project1/pt01268/izocv/mod5-2.csv
  diagnostic_file =  (Default)
  refresh = 100 (Default)
  sig_figs = -1 (Default)
  profile_file = profile.csv (Default)
  save_cmdstan_config = 0 (Default)
num_threads = 1 (Default)
mpi_enabled = 1

method = sample (Default)
  sample
    num_samples = 250
    num_warmup = 500
    save_warmup = 0 (Default)
    thin = 1 (Default)
    adapt
      engaged = 1 (Default)
      gamma = 0.05 (Default)
      delta = 0.9
      kappa = 0.75 (Default)
      t0 = 10 (Default)
      init_buffer = 75 (Default)
      term_buffer = 50 (Default)
      window = 25 (Default)
      save_metric = 0 (Default)
    algorithm = hmc (Default)
      hmc
        engine = nuts (Default)
          nuts
            max_depth = 10 (Default)
        metric = diag_e (Default)
        metric_file =  (Default)
        stepsize = 0.01
        stepsize_jitter = 0 (Default)
    num_chains = 1 (Default)
id = 1 (Default)
data
  file = /users/project1/pt01268/izocv/standata.json
init = /users/project1/pt01268/izocv/init-8.json
random
  seed = 143162096 (Default)
output
  file = /users/project1/pt01268/izocv/mod5-8.csv
  diagnostic_file =  (Default)
  refresh = 100 (Default)
  sig_figs = -1 (Default)
  profile_file = profile.csv (Default)
  save_cmdstan_config = 0 (Default)
num_threads = 1 (Default)
mpi_enabled = 1

method = sample (Default)
  sample
    num_samples = 250
    num_warmup = 500
    save_warmup = 0 (Default)
    thin = 1 (Default)
    adapt
      engaged = 1 (Default)
      gamma = 0.05 (Default)
      delta = 0.9
      kappa = 0.75 (Default)
      t0 = 10 (Default)
      init_buffer = 75 (Default)
      term_buffer = 50 (Default)
      window = 25 (Default)
      save_metric = 0 (Default)
    algorithm = hmc (Default)
      hmc
        engine = nuts (Default)
          nuts
            max_depth = 10 (Default)
        metric = diag_e (Default)
        metric_file =  (Default)
        stepsize = 0.01
        stepsize_jitter = 0 (Default)
    num_chains = 1 (Default)
id = 1 (Default)
data
  file = /users/project1/pt01268/izocv/standata.json
init = /users/project1/pt01268/izocv/init-1.json
random
  seed = 143162097 (Default)
output
  file = /users/project1/pt01268/izocv/mod5-1.csv
  diagnostic_file =  (Default)
  refresh = 100 (Default)
  sig_figs = -1 (Default)
  profile_file = profile.csv (Default)
  save_cmdstan_config = 0 (Default)
num_threads = 1 (Default)
mpi_enabled = 1


Gradient evaluation took 0.328823 seconds
1000 transitions using 10 leapfrog steps per transition would take 3288.23 seconds.
Adjust your expectations accordingly!



Gradient evaluation took 0.329577 seconds
1000 transitions using 10 leapfrog steps per transition would take 3295.77 seconds.
Adjust your expectations accordingly!



Gradient evaluation took 0.327423 seconds
1000 transitions using 10 leapfrog steps per transition would take 3274.23 seconds.
Adjust your expectations accordingly!



Gradient evaluation took 0.326705 seconds
1000 transitions using 10 leapfrog steps per transition would take 3267.05 seconds.
Adjust your expectations accordingly!



Gradient evaluation took 0.328621 seconds
1000 transitions using 10 leapfrog steps per transition would take 3286.21 seconds.
Adjust your expectations accordingly!



Gradient evaluation took 0.329105 seconds
1000 transitions using 10 leapfrog steps per transition would take 3291.05 seconds.
Adjust your expectations accordingly!



Gradient evaluation took 0.343144 seconds
1000 transitions using 10 leapfrog steps per transition would take 3431.44 seconds.
Adjust your expectations accordingly!



Gradient evaluation took 0.338545 seconds
1000 transitions using 10 leapfrog steps per transition would take 3385.45 seconds.
Adjust your expectations accordingly!


Iteration:   1 / 750 [  0%]  (Warmup)
Iteration:   1 / 750 [  0%]  (Warmup)
Iteration:   1 / 750 [  0%]  (Warmup)
Iteration:   1 / 750 [  0%]  (Warmup)
Iteration:   1 / 750 [  0%]  (Warmup)
Iteration:   1 / 750 [  0%]  (Warmup)
Iteration:   1 / 750 [  0%]  (Warmup)
Iteration:   1 / 750 [  0%]  (Warmup)
Informational Message: The current Metropolis proposal is about to be rejected because of the following issue:
Exception: cholesky_decompose: Matrix m is not positive definite (in '/users/project1/pt01268/izocv/mod5.stan', line 67, column 4 to column 40)
If this warning occurs sporadically, such as for highly constrained variable types like covariance matrices, then the sampler is fine,
but if this warning occurs often then your model may be either severely ill-conditioned or misspecified.

Informational Message: The current Metropolis proposal is about to be rejected because of the following issue:
Exception: cholesky_decompose: Matrix m is not positive definite (in '/users/project1/pt01268/izocv/mod5.stan', line 67, column 4 to column 40)
If this warning occurs sporadically, such as for highly constrained variable types like covariance matrices, then the sampler is fine,
but if this warning occurs often then your model may be either severely ill-conditioned or misspecified.

Informational Message: The current Metropolis proposal is about to be rejected because of the following issue:
Exception: cholesky_decompose: Matrix m is not positive definite (in '/users/project1/pt01268/izocv/mod5.stan', line 67, column 4 to column 40)
If this warning occurs sporadically, such as for highly constrained variable types like covariance matrices, then the sampler is fine,
but if this warning occurs often then your model may be either severely ill-conditioned or misspecified.

Informational Message: The current Metropolis proposal is about to be rejected because of the following issue:
Exception: cholesky_decompose: Matrix m is not positive definite (in '/users/project1/pt01268/izocv/mod5.stan', line 67, column 4 to column 40)
If this warning occurs sporadically, such as for highly constrained variable types like covariance matrices, then the sampler is fine,
but if this warning occurs often then your model may be either severely ill-conditioned or misspecified.

Informational Message: The current Metropolis proposal is about to be rejected because of the following issue:
Exception: cholesky_decompose: Matrix m is not positive definite (in '/users/project1/pt01268/izocv/mod5.stan', line 67, column 4 to column 40)
If this warning occurs sporadically, such as for highly constrained variable types like covariance matrices, then the sampler is fine,
but if this warning occurs often then your model may be either severely ill-conditioned or misspecified.

